# JRE version: OpenJDK Runtime Environment Temurin-17.0.1+12 (17.0.1+12) (build 17.0.1+12)
# Java VM: OpenJDK 64-Bit Server VM Temurin-17.0.1+12 (17.0.1+12, mixed mode, tiered, compressed oops, compressed class ptrs, parallel gc, windows-amd64)
GC Precious Log:
 CPUs: 4 total, 4 available
 Memory: 8117M
 Large Page Support: Disabled
 NUMA Support: Disabled
 Compressed Oops: Enabled (32-bit)
 Alignments: Space 512K, Generation 512K, Heap 2M
 Heap Min Capacity: 100M
 Heap Initial Capacity: 100M
 Heap Max Capacity: 1G
 Pre-touch: Disabled
 Parallel Workers: 4
Heap:
 PSYoungGen      total 22528K, used 9418K [0x00000000eab00000, 0x00000000ec400000, 0x0000000100000000)
  eden space 20992K, 38% used [0x00000000eab00000,0x00000000eb2d2e48,0x00000000ebf80000)
  from space 1536K, 91% used [0x00000000ec280000,0x00000000ec3dfd50,0x00000000ec400000)
  to   space 1536K, 0% used [0x00000000ec100000,0x00000000ec100000,0x00000000ec280000)
 ParOldGen       total 68608K, used 28637K [0x00000000c0000000, 0x00000000c4300000, 0x00000000eab00000)
  object space 68608K, 41% used [0x00000000c0000000,0x00000000c1bf76a8,0x00000000c4300000)
 Metaspace       used 53232K, committed 54080K, reserved 1097728K
  class space    used 5786K, committed 6144K, reserved 1048576K
GC Heap History (20 events):
Event: 9.563 GC heap before
{Heap before GC invocations=7 (full 2):
 PSYoungGen      total 29696K, used 25600K [0x00000000eab00000, 0x00000000ecc00000, 0x0000000100000000)
  eden space 25600K, 100% used [0x00000000eab00000,0x00000000ec400000,0x00000000ec400000)
  from space 4096K, 0% used [0x00000000ec800000,0x00000000ec800000,0x00000000ecc00000)
  to   space 4096K, 0% used [0x00000000ec400000,0x00000000ec400000,0x00000000ec800000)
 ParOldGen       total 68608K, used 11358K [0x00000000c0000000, 0x00000000c4300000, 0x00000000eab00000)
  object space 68608K, 16% used [0x00000000c0000000,0x00000000c0b17a28,0x00000000c4300000)
 Metaspace       used 39143K, committed 39808K, reserved 1089536K
  class space    used 4232K, committed 4544K, reserved 1048576K
}
Event: 9.567 GC heap after
{Heap after GC invocations=7 (full 2):
 PSYoungGen      total 27648K, used 2512K [0x00000000eab00000, 0x00000000eca80000, 0x0000000100000000)
  eden space 25088K, 0% used [0x00000000eab00000,0x00000000eab00000,0x00000000ec380000)
  from space 2560K, 98% used [0x00000000ec400000,0x00000000ec674020,0x00000000ec680000)
  to   space 3584K, 0% used [0x00000000ec700000,0x00000000ec700000,0x00000000eca80000)
 ParOldGen       total 68608K, used 11366K [0x00000000c0000000, 0x00000000c4300000, 0x00000000eab00000)
  object space 68608K, 16% used [0x00000000c0000000,0x00000000c0b19a28,0x00000000c4300000)
 Metaspace       used 39143K, committed 39808K, reserved 1089536K
  class space    used 4232K, committed 4544K, reserved 1048576K
}
Event: 9.980 GC heap before
{Heap before GC invocations=8 (full 2):
 PSYoungGen      total 27648K, used 27600K [0x00000000eab00000, 0x00000000eca80000, 0x0000000100000000)
  eden space 25088K, 100% used [0x00000000eab00000,0x00000000ec380000,0x00000000ec380000)
  from space 2560K, 98% used [0x00000000ec400000,0x00000000ec674020,0x00000000ec680000)
  to   space 3584K, 0% used [0x00000000ec700000,0x00000000ec700000,0x00000000eca80000)
 ParOldGen       total 68608K, used 11366K [0x00000000c0000000, 0x00000000c4300000, 0x00000000eab00000)
  object space 68608K, 16% used [0x00000000c0000000,0x00000000c0b19a28,0x00000000c4300000)
 Metaspace       used 40854K, committed 41536K, reserved 1089536K
  class space    used 4454K, committed 4736K, reserved 1048576K
}
Event: 9.990 GC heap after
{Heap after GC invocations=8 (full 2):
 PSYoungGen      total 27136K, used 3579K [0x00000000eab00000, 0x00000000ecd00000, 0x0000000100000000)
  eden space 23552K, 0% used [0x00000000eab00000,0x00000000eab00000,0x00000000ec200000)
  from space 3584K, 99% used [0x00000000ec700000,0x00000000eca7ee10,0x00000000eca80000)
  to   space 5120K, 0% used [0x00000000ec200000,0x00000000ec200000,0x00000000ec700000)
 ParOldGen       total 68608K, used 12107K [0x00000000c0000000, 0x00000000c4300000, 0x00000000eab00000)
  object space 68608K, 17% used [0x00000000c0000000,0x00000000c0bd2d80,0x00000000c4300000)
 Metaspace       used 40854K, committed 41536K, reserved 1089536K
  class space    used 4454K, committed 4736K, reserved 1048576K
}
Event: 10.224 GC heap before
{Heap before GC invocations=9 (full 2):
 PSYoungGen      total 27136K, used 27131K [0x00000000eab00000, 0x00000000ecd00000, 0x0000000100000000)
  eden space 23552K, 100% used [0x00000000eab00000,0x00000000ec200000,0x00000000ec200000)
  from space 3584K, 99% used [0x00000000ec700000,0x00000000eca7ee10,0x00000000eca80000)
  to   space 5120K, 0% used [0x00000000ec200000,0x00000000ec200000,0x00000000ec700000)
 ParOldGen       total 68608K, used 12107K [0x00000000c0000000, 0x00000000c4300000, 0x00000000eab00000)
  object space 68608K, 17% used [0x00000000c0000000,0x00000000c0bd2d80,0x00000000c4300000)
 Metaspace       used 42035K, committed 42752K, reserved 1089536K
  class space    used 4593K, committed 4928K, reserved 1048576K
}
Event: 10.231 GC heap after
{Heap after GC invocations=9 (full 2):
 PSYoungGen      total 28160K, used 5099K [0x00000000eab00000, 0x00000000ecd80000, 0x0000000100000000)
  eden space 23040K, 0% used [0x00000000eab00000,0x00000000eab00000,0x00000000ec180000)
  from space 5120K, 99% used [0x00000000ec200000,0x00000000ec6fae20,0x00000000ec700000)
  to   space 6144K, 0% used [0x00000000ec780000,0x00000000ec780000,0x00000000ecd80000)
 ParOldGen       total 68608K, used 12459K [0x00000000c0000000, 0x00000000c4300000, 0x00000000eab00000)
  object space 68608K, 18% used [0x00000000c0000000,0x00000000c0c2ad80,0x00000000c4300000)
 Metaspace       used 42035K, committed 42752K, reserved 1089536K
  class space    used 4593K, committed 4928K, reserved 1048576K
}
Event: 10.375 GC heap before
{Heap before GC invocations=10 (full 2):
 PSYoungGen      total 28160K, used 28139K [0x00000000eab00000, 0x00000000ecd80000, 0x0000000100000000)
  eden space 23040K, 100% used [0x00000000eab00000,0x00000000ec180000,0x00000000ec180000)
  from space 5120K, 99% used [0x00000000ec200000,0x00000000ec6fae20,0x00000000ec700000)
  to   space 6144K, 0% used [0x00000000ec780000,0x00000000ec780000,0x00000000ecd80000)
 ParOldGen       total 68608K, used 12459K [0x00000000c0000000, 0x00000000c4300000, 0x00000000eab00000)
  object space 68608K, 18% used [0x00000000c0000000,0x00000000c0c2ad80,0x00000000c4300000)
 Metaspace       used 42492K, committed 43200K, reserved 1089536K
  class space    used 4664K, committed 4992K, reserved 1048576K
}
Event: 10.388 GC heap after
{Heap after GC invocations=10 (full 2):
 PSYoungGen      total 27136K, used 6139K [0x00000000eab00000, 0x00000000ed100000, 0x0000000100000000)
  eden space 20992K, 0% used [0x00000000eab00000,0x00000000eab00000,0x00000000ebf80000)
  from space 6144K, 99% used [0x00000000ec780000,0x00000000ecd7ee20,0x00000000ecd80000)
  to   space 8192K, 0% used [0x00000000ebf80000,0x00000000ebf80000,0x00000000ec780000)
 ParOldGen       total 68608K, used 13835K [0x00000000c0000000, 0x00000000c4300000, 0x00000000eab00000)
  object space 68608K, 20% used [0x00000000c0000000,0x00000000c0d82da0,0x00000000c4300000)
 Metaspace       used 42492K, committed 43200K, reserved 1089536K
  class space    used 4664K, committed 4992K, reserved 1048576K
}
Event: 10.479 GC heap before
{Heap before GC invocations=11 (full 2):
 PSYoungGen      total 27136K, used 27131K [0x00000000eab00000, 0x00000000ed100000, 0x0000000100000000)
  eden space 20992K, 100% used [0x00000000eab00000,0x00000000ebf80000,0x00000000ebf80000)
  from space 6144K, 99% used [0x00000000ec780000,0x00000000ecd7ee20,0x00000000ecd80000)
  to   space 8192K, 0% used [0x00000000ebf80000,0x00000000ebf80000,0x00000000ec780000)
 ParOldGen       total 68608K, used 13835K [0x00000000c0000000, 0x00000000c4300000, 0x00000000eab00000)
  object space 68608K, 20% used [0x00000000c0000000,0x00000000c0d82da0,0x00000000c4300000)
 Metaspace       used 42855K, committed 43520K, reserved 1089536K
  class space    used 4721K, committed 5056K, reserved 1048576K
}
Event: 10.489 GC heap after
{Heap after GC invocations=11 (full 2):
 PSYoungGen      total 27136K, used 5696K [0x00000000eab00000, 0x00000000ecc80000, 0x0000000100000000)
  eden space 20992K, 0% used [0x00000000eab00000,0x00000000eab00000,0x00000000ebf80000)
  from space 6144K, 92% used [0x00000000ebf80000,0x00000000ec510020,0x00000000ec580000)
  to   space 6656K, 0% used [0x00000000ec600000,0x00000000ec600000,0x00000000ecc80000)
 ParOldGen       total 68608K, used 16129K [0x00000000c0000000, 0x00000000c4300000, 0x00000000eab00000)
  object space 68608K, 23% used [0x00000000c0000000,0x00000000c0fc04e8,0x00000000c4300000)
 Metaspace       used 42855K, committed 43520K, reserved 1089536K
  class space    used 4721K, committed 5056K, reserved 1048576K
}
Event: 10.592 GC heap before
{Heap before GC invocations=12 (full 2):
 PSYoungGen      total 27136K, used 26688K [0x00000000eab00000, 0x00000000ecc80000, 0x0000000100000000)
  eden space 20992K, 100% used [0x00000000eab00000,0x00000000ebf80000,0x00000000ebf80000)
  from space 6144K, 92% used [0x00000000ebf80000,0x00000000ec510020,0x00000000ec580000)
  to   space 6656K, 0% used [0x00000000ec600000,0x00000000ec600000,0x00000000ecc80000)
 ParOldGen       total 68608K, used 16129K [0x00000000c0000000, 0x00000000c4300000, 0x00000000eab00000)
  object space 68608K, 23% used [0x00000000c0000000,0x00000000c0fc04e8,0x00000000c4300000)
 Metaspace       used 43020K, committed 43712K, reserved 1089536K
  class space    used 4744K, committed 5056K, reserved 1048576K
}
Event: 10.600 GC heap after
{Heap after GC invocations=12 (full 2):
 PSYoungGen      total 25088K, used 3808K [0x00000000eab00000, 0x00000000eca00000, 0x0000000100000000)
  eden space 20992K, 0% used [0x00000000eab00000,0x00000000eab00000,0x00000000ebf80000)
  from space 4096K, 92% used [0x00000000ec600000,0x00000000ec9b8000,0x00000000eca00000)
  to   space 5120K, 0% used [0x00000000ec000000,0x00000000ec000000,0x00000000ec500000)
 ParOldGen       total 68608K, used 20012K [0x00000000c0000000, 0x00000000c4300000, 0x00000000eab00000)
  object space 68608K, 29% used [0x00000000c0000000,0x00000000c138b318,0x00000000c4300000)
 Metaspace       used 43020K, committed 43712K, reserved 1089536K
  class space    used 4744K, committed 5056K, reserved 1048576K
}
Event: 10.695 GC heap before
{Heap before GC invocations=13 (full 2):
 PSYoungGen      total 25088K, used 24800K [0x00000000eab00000, 0x00000000eca00000, 0x0000000100000000)
  eden space 20992K, 100% used [0x00000000eab00000,0x00000000ebf80000,0x00000000ebf80000)
  from space 4096K, 92% used [0x00000000ec600000,0x00000000ec9b8000,0x00000000eca00000)
  to   space 5120K, 0% used [0x00000000ec000000,0x00000000ec000000,0x00000000ec500000)
 ParOldGen       total 68608K, used 20012K [0x00000000c0000000, 0x00000000c4300000, 0x00000000eab00000)
  object space 68608K, 29% used [0x00000000c0000000,0x00000000c138b318,0x00000000c4300000)
 Metaspace       used 43332K, committed 44096K, reserved 1089536K
  class space    used 4791K, committed 5120K, reserved 1048576K
}
Event: 10.705 GC heap after
{Heap after GC invocations=13 (full 2):
 PSYoungGen      total 23040K, used 1920K [0x00000000eab00000, 0x00000000ec680000, 0x0000000100000000)
  eden space 20992K, 0% used [0x00000000eab00000,0x00000000eab00000,0x00000000ebf80000)
  from space 2048K, 93% used [0x00000000ec000000,0x00000000ec1e0010,0x00000000ec200000)
  to   space 3072K, 0% used [0x00000000ec380000,0x00000000ec380000,0x00000000ec680000)
 ParOldGen       total 68608K, used 23748K [0x00000000c0000000, 0x00000000c4300000, 0x00000000eab00000)
  object space 68608K, 34% used [0x00000000c0000000,0x00000000c1731018,0x00000000c4300000)
 Metaspace       used 43332K, committed 44096K, reserved 1089536K
  class space    used 4791K, committed 5120K, reserved 1048576K
}
Event: 11.309 GC heap before
{Heap before GC invocations=14 (full 2):
 PSYoungGen      total 23040K, used 22912K [0x00000000eab00000, 0x00000000ec680000, 0x0000000100000000)
  eden space 20992K, 100% used [0x00000000eab00000,0x00000000ebf80000,0x00000000ebf80000)
  from space 2048K, 93% used [0x00000000ec000000,0x00000000ec1e0010,0x00000000ec200000)
  to   space 3072K, 0% used [0x00000000ec380000,0x00000000ec380000,0x00000000ec680000)
 ParOldGen       total 68608K, used 23748K [0x00000000c0000000, 0x00000000c4300000, 0x00000000eab00000)
  object space 68608K, 34% used [0x00000000c0000000,0x00000000c1731018,0x00000000c4300000)
 Metaspace       used 47599K, committed 48256K, reserved 1097728K
  class space    used 5185K, committed 5504K, reserved 1048576K
}
Event: 11.318 GC heap after
{Heap after GC invocations=14 (full 2):
 PSYoungGen      total 23552K, used 2539K [0x00000000eab00000, 0x00000000ec600000, 0x0000000100000000)
  eden space 20992K, 0% used [0x00000000eab00000,0x00000000eab00000,0x00000000ebf80000)
  from space 2560K, 99% used [0x00000000ec380000,0x00000000ec5fafa8,0x00000000ec600000)
  to   space 3072K, 0% used [0x00000000ec000000,0x00000000ec000000,0x00000000ec300000)
 ParOldGen       total 68608K, used 25626K [0x00000000c0000000, 0x00000000c4300000, 0x00000000eab00000)
  object space 68608K, 37% used [0x00000000c0000000,0x00000000c19068a8,0x00000000c4300000)
 Metaspace       used 47599K, committed 48256K, reserved 1097728K
  class space    used 5185K, committed 5504K, reserved 1048576K
}
Event: 12.084 GC heap before
{Heap before GC invocations=15 (full 2):
 PSYoungGen      total 23552K, used 23531K [0x00000000eab00000, 0x00000000ec600000, 0x0000000100000000)
  eden space 20992K, 99% used [0x00000000eab00000,0x00000000ebf7ff58,0x00000000ebf80000)
  from space 2560K, 99% used [0x00000000ec380000,0x00000000ec5fafa8,0x00000000ec600000)
  to   space 3072K, 0% used [0x00000000ec000000,0x00000000ec000000,0x00000000ec300000)
 ParOldGen       total 68608K, used 25626K [0x00000000c0000000, 0x00000000c4300000, 0x00000000eab00000)
  object space 68608K, 37% used [0x00000000c0000000,0x00000000c19068a8,0x00000000c4300000)
 Metaspace       used 49639K, committed 50432K, reserved 1097728K
  class space    used 5387K, committed 5696K, reserved 1048576K
}
Event: 12.100 GC heap after
{Heap after GC invocations=15 (full 2):
 PSYoungGen      total 22016K, used 875K [0x00000000eab00000, 0x00000000ec400000, 0x0000000100000000)
  eden space 20992K, 0% used [0x00000000eab00000,0x00000000eab00000,0x00000000ebf80000)
  from space 1024K, 85% used [0x00000000ec000000,0x00000000ec0daf78,0x00000000ec100000)
  to   space 1536K, 0% used [0x00000000ec280000,0x00000000ec280000,0x00000000ec400000)
 ParOldGen       total 68608K, used 27971K [0x00000000c0000000, 0x00000000c4300000, 0x00000000eab00000)
  object space 68608K, 40% used [0x00000000c0000000,0x00000000c1b50f08,0x00000000c4300000)
 Metaspace       used 49639K, committed 50432K, reserved 1097728K
  class space    used 5387K, committed 5696K, reserved 1048576K
}
Event: 12.974 GC heap before
{Heap before GC invocations=16 (full 2):
 PSYoungGen      total 22016K, used 21867K [0x00000000eab00000, 0x00000000ec400000, 0x0000000100000000)
  eden space 20992K, 100% used [0x00000000eab00000,0x00000000ebf80000,0x00000000ebf80000)
  from space 1024K, 85% used [0x00000000ec000000,0x00000000ec0daf78,0x00000000ec100000)
  to   space 1536K, 0% used [0x00000000ec280000,0x00000000ec280000,0x00000000ec400000)
 ParOldGen       total 68608K, used 27971K [0x00000000c0000000, 0x00000000c4300000, 0x00000000eab00000)
  object space 68608K, 40% used [0x00000000c0000000,0x00000000c1b50f08,0x00000000c4300000)
 Metaspace       used 52942K, committed 53824K, reserved 1097728K
  class space    used 5765K, committed 6144K, reserved 1048576K
}
Event: 12.978 GC heap after
{Heap after GC invocations=16 (full 2):
 PSYoungGen      total 22528K, used 1407K [0x00000000eab00000, 0x00000000ec400000, 0x0000000100000000)
  eden space 20992K, 0% used [0x00000000eab00000,0x00000000eab00000,0x00000000ebf80000)
  from space 1536K, 91% used [0x00000000ec280000,0x00000000ec3dfd50,0x00000000ec400000)
  to   space 1536K, 0% used [0x00000000ec100000,0x00000000ec100000,0x00000000ec280000)
 ParOldGen       total 68608K, used 28637K [0x00000000c0000000, 0x00000000c4300000, 0x00000000eab00000)
  object space 68608K, 41% used [0x00000000c0000000,0x00000000c1bf76a8,0x00000000c4300000)
 Metaspace       used 52942K, committed 53824K, reserved 1097728K
  class space    used 5765K, committed 6144K, reserved 1048576K
}

