# JRE version: OpenJDK Runtime Environment Temurin-17.0.1+12 (17.0.1+12) (build 17.0.1+12)
# Java VM: OpenJDK 64-Bit Server VM Temurin-17.0.1+12 (17.0.1+12, mixed mode, tiered, compressed oops, compressed class ptrs, parallel gc, windows-amd64)
GC Precious Log:
 CPUs: 4 total, 4 available
 Memory: 8117M
 Large Page Support: Disabled
 NUMA Support: Disabled
 Compressed Oops: Enabled (32-bit)
 Alignments: Space 512K, Generation 512K, Heap 2M
 Heap Min Capacity: 100M
 Heap Initial Capacity: 100M
 Heap Max Capacity: 1G
 Pre-touch: Disabled
 Parallel Workers: 4
Heap:
 PSYoungGen      total 14848K, used 11320K [0x00000000eab00000, 0x00000000ebe80000, 0x0000000100000000)
  eden space 10752K, 67% used [0x00000000eab00000,0x00000000eb214ed0,0x00000000eb580000)
  from space 4096K, 99% used [0x00000000eba80000,0x00000000ebe792a0,0x00000000ebe80000)
  to   space 4608K, 0% used [0x00000000eb580000,0x00000000eb580000,0x00000000eba00000)
 ParOldGen       total 408576K, used 362423K [0x00000000c0000000, 0x00000000d8f00000, 0x00000000eab00000)
  object space 408576K, 88% used [0x00000000c0000000,0x00000000d61edf88,0x00000000d8f00000)
 Metaspace       used 66705K, committed 67520K, reserved 1114112K
  class space    used 6961K, committed 7296K, reserved 1048576K
GC Heap History (20 events):
Event: 13749.591 GC heap before
{Heap before GC invocations=203 (full 12):
 PSYoungGen      total 12288K, used 12265K [0x00000000eab00000, 0x00000000ec880000, 0x0000000100000000)
  eden space 6144K, 100% used [0x00000000eab00000,0x00000000eb100000,0x00000000eb100000)
  from space 6144K, 99% used [0x00000000eb100000,0x00000000eb6fa720,0x00000000eb700000)
  to   space 11776K, 0% used [0x00000000ebd00000,0x00000000ebd00000,0x00000000ec880000)
 ParOldGen       total 408576K, used 344686K [0x00000000c0000000, 0x00000000d8f00000, 0x00000000eab00000)
  object space 408576K, 84% used [0x00000000c0000000,0x00000000d509b8e0,0x00000000d8f00000)
 Metaspace       used 66650K, committed 67456K, reserved 1114112K
  class space    used 6957K, committed 7296K, reserved 1048576K
}
Event: 13749.616 GC heap after
{Heap after GC invocations=203 (full 12):
 PSYoungGen      total 17408K, used 10309K [0x00000000eab00000, 0x00000000ec780000, 0x0000000100000000)
  eden space 6656K, 0% used [0x00000000eab00000,0x00000000eab00000,0x00000000eb180000)
  from space 10752K, 95% used [0x00000000ebd00000,0x00000000ec711690,0x00000000ec780000)
  to   space 10752K, 0% used [0x00000000eb280000,0x00000000eb280000,0x00000000ebd00000)
 ParOldGen       total 408576K, used 344686K [0x00000000c0000000, 0x00000000d8f00000, 0x00000000eab00000)
  object space 408576K, 84% used [0x00000000c0000000,0x00000000d509b8e0,0x00000000d8f00000)
 Metaspace       used 66650K, committed 67456K, reserved 1114112K
  class space    used 6957K, committed 7296K, reserved 1048576K
}
Event: 13750.411 GC heap before
{Heap before GC invocations=204 (full 12):
 PSYoungGen      total 17408K, used 16965K [0x00000000eab00000, 0x00000000ec780000, 0x0000000100000000)
  eden space 6656K, 100% used [0x00000000eab00000,0x00000000eb180000,0x00000000eb180000)
  from space 10752K, 95% used [0x00000000ebd00000,0x00000000ec711690,0x00000000ec780000)
  to   space 10752K, 0% used [0x00000000eb280000,0x00000000eb280000,0x00000000ebd00000)
 ParOldGen       total 408576K, used 344686K [0x00000000c0000000, 0x00000000d8f00000, 0x00000000eab00000)
  object space 408576K, 84% used [0x00000000c0000000,0x00000000d509b8e0,0x00000000d8f00000)
 Metaspace       used 66656K, committed 67456K, reserved 1114112K
  class space    used 6957K, committed 7296K, reserved 1048576K
}
Event: 13750.437 GC heap after
{Heap after GC invocations=204 (full 12):
 PSYoungGen      total 17920K, used 10746K [0x00000000eab00000, 0x00000000ecc00000, 0x0000000100000000)
  eden space 7168K, 0% used [0x00000000eab00000,0x00000000eab00000,0x00000000eb200000)
  from space 10752K, 99% used [0x00000000eb280000,0x00000000ebcfeb38,0x00000000ebd00000)
  to   space 13312K, 0% used [0x00000000ebf00000,0x00000000ebf00000,0x00000000ecc00000)
 ParOldGen       total 408576K, used 346630K [0x00000000c0000000, 0x00000000d8f00000, 0x00000000eab00000)
  object space 408576K, 84% used [0x00000000c0000000,0x00000000d5281848,0x00000000d8f00000)
 Metaspace       used 66656K, committed 67456K, reserved 1114112K
  class space    used 6957K, committed 7296K, reserved 1048576K
}
Event: 13750.600 GC heap before
{Heap before GC invocations=205 (full 12):
 PSYoungGen      total 17920K, used 17914K [0x00000000eab00000, 0x00000000ecc00000, 0x0000000100000000)
  eden space 7168K, 100% used [0x00000000eab00000,0x00000000eb200000,0x00000000eb200000)
  from space 10752K, 99% used [0x00000000eb280000,0x00000000ebcfeb38,0x00000000ebd00000)
  to   space 13312K, 0% used [0x00000000ebf00000,0x00000000ebf00000,0x00000000ecc00000)
 ParOldGen       total 408576K, used 346630K [0x00000000c0000000, 0x00000000d8f00000, 0x00000000eab00000)
  object space 408576K, 84% used [0x00000000c0000000,0x00000000d5281848,0x00000000d8f00000)
 Metaspace       used 66656K, committed 67456K, reserved 1114112K
  class space    used 6957K, committed 7296K, reserved 1048576K
}
Event: 13750.631 GC heap after
{Heap after GC invocations=205 (full 12):
 PSYoungGen      total 13824K, used 5912K [0x00000000eab00000, 0x00000000ec500000, 0x0000000100000000)
  eden space 7680K, 0% used [0x00000000eab00000,0x00000000eab00000,0x00000000eb280000)
  from space 6144K, 96% used [0x00000000ebf00000,0x00000000ec4c6048,0x00000000ec500000)
  to   space 8704K, 0% used [0x00000000eb400000,0x00000000eb400000,0x00000000ebc80000)
 ParOldGen       total 408576K, used 352427K [0x00000000c0000000, 0x00000000d8f00000, 0x00000000eab00000)
  object space 408576K, 86% used [0x00000000c0000000,0x00000000d582ad28,0x00000000d8f00000)
 Metaspace       used 66656K, committed 67456K, reserved 1114112K
  class space    used 6957K, committed 7296K, reserved 1048576K
}
Event: 13750.826 GC heap before
{Heap before GC invocations=206 (full 12):
 PSYoungGen      total 13824K, used 13592K [0x00000000eab00000, 0x00000000ec500000, 0x0000000100000000)
  eden space 7680K, 100% used [0x00000000eab00000,0x00000000eb280000,0x00000000eb280000)
  from space 6144K, 96% used [0x00000000ebf00000,0x00000000ec4c6048,0x00000000ec500000)
  to   space 8704K, 0% used [0x00000000eb400000,0x00000000eb400000,0x00000000ebc80000)
 ParOldGen       total 408576K, used 352427K [0x00000000c0000000, 0x00000000d8f00000, 0x00000000eab00000)
  object space 408576K, 86% used [0x00000000c0000000,0x00000000d582ad28,0x00000000d8f00000)
 Metaspace       used 66659K, committed 67456K, reserved 1114112K
  class space    used 6957K, committed 7296K, reserved 1048576K
}
Event: 13750.849 GC heap after
{Heap after GC invocations=206 (full 12):
 PSYoungGen      total 15360K, used 6849K [0x00000000eab00000, 0x00000000ec100000, 0x0000000100000000)
  eden space 8192K, 0% used [0x00000000eab00000,0x00000000eab00000,0x00000000eb300000)
  from space 7168K, 95% used [0x00000000eb400000,0x00000000ebab0420,0x00000000ebb00000)
  to   space 6144K, 0% used [0x00000000ebb00000,0x00000000ebb00000,0x00000000ec100000)
 ParOldGen       total 408576K, used 352435K [0x00000000c0000000, 0x00000000d8f00000, 0x00000000eab00000)
  object space 408576K, 86% used [0x00000000c0000000,0x00000000d582cd28,0x00000000d8f00000)
 Metaspace       used 66659K, committed 67456K, reserved 1114112K
  class space    used 6957K, committed 7296K, reserved 1048576K
}
Event: 13750.927 GC heap before
{Heap before GC invocations=207 (full 12):
 PSYoungGen      total 15360K, used 15041K [0x00000000eab00000, 0x00000000ec100000, 0x0000000100000000)
  eden space 8192K, 100% used [0x00000000eab00000,0x00000000eb300000,0x00000000eb300000)
  from space 7168K, 95% used [0x00000000eb400000,0x00000000ebab0420,0x00000000ebb00000)
  to   space 6144K, 0% used [0x00000000ebb00000,0x00000000ebb00000,0x00000000ec100000)
 ParOldGen       total 408576K, used 352435K [0x00000000c0000000, 0x00000000d8f00000, 0x00000000eab00000)
  object space 408576K, 86% used [0x00000000c0000000,0x00000000d582cd28,0x00000000d8f00000)
 Metaspace       used 66659K, committed 67456K, reserved 1114112K
  class space    used 6957K, committed 7296K, reserved 1048576K
}
Event: 13750.946 GC heap after
{Heap after GC invocations=207 (full 12):
 PSYoungGen      total 14336K, used 6126K [0x00000000eab00000, 0x00000000ec400000, 0x0000000100000000)
  eden space 8192K, 0% used [0x00000000eab00000,0x00000000eab00000,0x00000000eb300000)
  from space 6144K, 99% used [0x00000000ebb00000,0x00000000ec0fb848,0x00000000ec100000)
  to   space 8192K, 0% used [0x00000000eb300000,0x00000000eb300000,0x00000000ebb00000)
 ParOldGen       total 408576K, used 353971K [0x00000000c0000000, 0x00000000d8f00000, 0x00000000eab00000)
  object space 408576K, 86% used [0x00000000c0000000,0x00000000d59acd28,0x00000000d8f00000)
 Metaspace       used 66659K, committed 67456K, reserved 1114112K
  class space    used 6957K, committed 7296K, reserved 1048576K
}
Event: 13751.041 GC heap before
{Heap before GC invocations=208 (full 12):
 PSYoungGen      total 14336K, used 14318K [0x00000000eab00000, 0x00000000ec400000, 0x0000000100000000)
  eden space 8192K, 100% used [0x00000000eab00000,0x00000000eb300000,0x00000000eb300000)
  from space 6144K, 99% used [0x00000000ebb00000,0x00000000ec0fb848,0x00000000ec100000)
  to   space 8192K, 0% used [0x00000000eb300000,0x00000000eb300000,0x00000000ebb00000)
 ParOldGen       total 408576K, used 353971K [0x00000000c0000000, 0x00000000d8f00000, 0x00000000eab00000)
  object space 408576K, 86% used [0x00000000c0000000,0x00000000d59acd28,0x00000000d8f00000)
 Metaspace       used 66659K, committed 67456K, reserved 1114112K
  class space    used 6957K, committed 7296K, reserved 1048576K
}
Event: 13751.057 GC heap after
{Heap after GC invocations=208 (full 12):
 PSYoungGen      total 12288K, used 3608K [0x00000000eab00000, 0x00000000ebe00000, 0x0000000100000000)
  eden space 8192K, 0% used [0x00000000eab00000,0x00000000eab00000,0x00000000eb300000)
  from space 4096K, 88% used [0x00000000eb300000,0x00000000eb686008,0x00000000eb700000)
  to   space 5120K, 0% used [0x00000000eb900000,0x00000000eb900000,0x00000000ebe00000)
 ParOldGen       total 408576K, used 357488K [0x00000000c0000000, 0x00000000d8f00000, 0x00000000eab00000)
  object space 408576K, 87% used [0x00000000c0000000,0x00000000d5d1c170,0x00000000d8f00000)
 Metaspace       used 66659K, committed 67456K, reserved 1114112K
  class space    used 6957K, committed 7296K, reserved 1048576K
}
Event: 13751.157 GC heap before
{Heap before GC invocations=209 (full 12):
 PSYoungGen      total 12288K, used 11800K [0x00000000eab00000, 0x00000000ebe00000, 0x0000000100000000)
  eden space 8192K, 100% used [0x00000000eab00000,0x00000000eb300000,0x00000000eb300000)
  from space 4096K, 88% used [0x00000000eb300000,0x00000000eb686008,0x00000000eb700000)
  to   space 5120K, 0% used [0x00000000eb900000,0x00000000eb900000,0x00000000ebe00000)
 ParOldGen       total 408576K, used 357488K [0x00000000c0000000, 0x00000000d8f00000, 0x00000000eab00000)
  object space 408576K, 87% used [0x00000000c0000000,0x00000000d5d1c170,0x00000000d8f00000)
 Metaspace       used 66659K, committed 67456K, reserved 1114112K
  class space    used 6957K, committed 7296K, reserved 1048576K
}
Event: 13751.166 GC heap after
{Heap after GC invocations=209 (full 12):
 PSYoungGen      total 13824K, used 4312K [0x00000000eab00000, 0x00000000ebd80000, 0x0000000100000000)
  eden space 9216K, 0% used [0x00000000eab00000,0x00000000eab00000,0x00000000eb400000)
  from space 4608K, 93% used [0x00000000eb900000,0x00000000ebd36008,0x00000000ebd80000)
  to   space 4608K, 0% used [0x00000000eb480000,0x00000000eb480000,0x00000000eb900000)
 ParOldGen       total 408576K, used 357488K [0x00000000c0000000, 0x00000000d8f00000, 0x00000000eab00000)
  object space 408576K, 87% used [0x00000000c0000000,0x00000000d5d1c170,0x00000000d8f00000)
 Metaspace       used 66659K, committed 67456K, reserved 1114112K
  class space    used 6957K, committed 7296K, reserved 1048576K
}
Event: 13751.260 GC heap before
{Heap before GC invocations=210 (full 12):
 PSYoungGen      total 13824K, used 13527K [0x00000000eab00000, 0x00000000ebd80000, 0x0000000100000000)
  eden space 9216K, 99% used [0x00000000eab00000,0x00000000eb3fffa8,0x00000000eb400000)
  from space 4608K, 93% used [0x00000000eb900000,0x00000000ebd36008,0x00000000ebd80000)
  to   space 4608K, 0% used [0x00000000eb480000,0x00000000eb480000,0x00000000eb900000)
 ParOldGen       total 408576K, used 357488K [0x00000000c0000000, 0x00000000d8f00000, 0x00000000eab00000)
  object space 408576K, 87% used [0x00000000c0000000,0x00000000d5d1c170,0x00000000d8f00000)
 Metaspace       used 66659K, committed 67456K, reserved 1114112K
  class space    used 6957K, committed 7296K, reserved 1048576K
}
Event: 13751.273 GC heap after
{Heap after GC invocations=210 (full 12):
 PSYoungGen      total 14336K, used 4602K [0x00000000eab00000, 0x00000000ec000000, 0x0000000100000000)
  eden space 9728K, 0% used [0x00000000eab00000,0x00000000eab00000,0x00000000eb480000)
  from space 4608K, 99% used [0x00000000eb480000,0x00000000eb8fe8b0,0x00000000eb900000)
  to   space 5632K, 0% used [0x00000000eba80000,0x00000000eba80000,0x00000000ec000000)
 ParOldGen       total 408576K, used 357933K [0x00000000c0000000, 0x00000000d8f00000, 0x00000000eab00000)
  object space 408576K, 87% used [0x00000000c0000000,0x00000000d5d8b780,0x00000000d8f00000)
 Metaspace       used 66659K, committed 67456K, reserved 1114112K
  class space    used 6957K, committed 7296K, reserved 1048576K
}
Event: 13751.331 GC heap before
{Heap before GC invocations=211 (full 12):
 PSYoungGen      total 14336K, used 14330K [0x00000000eab00000, 0x00000000ec000000, 0x0000000100000000)
  eden space 9728K, 100% used [0x00000000eab00000,0x00000000eb480000,0x00000000eb480000)
  from space 4608K, 99% used [0x00000000eb480000,0x00000000eb8fe8b0,0x00000000eb900000)
  to   space 5632K, 0% used [0x00000000eba80000,0x00000000eba80000,0x00000000ec000000)
 ParOldGen       total 408576K, used 357933K [0x00000000c0000000, 0x00000000d8f00000, 0x00000000eab00000)
  object space 408576K, 87% used [0x00000000c0000000,0x00000000d5d8b780,0x00000000d8f00000)
 Metaspace       used 66659K, committed 67456K, reserved 1114112K
  class space    used 6957K, committed 7296K, reserved 1048576K
}
Event: 13751.342 GC heap after
{Heap after GC invocations=211 (full 12):
 PSYoungGen      total 14848K, used 4056K [0x00000000eab00000, 0x00000000ebe80000, 0x0000000100000000)
  eden space 10752K, 0% used [0x00000000eab00000,0x00000000eab00000,0x00000000eb580000)
  from space 4096K, 99% used [0x00000000eba80000,0x00000000ebe76008,0x00000000ebe80000)
  to   space 4608K, 0% used [0x00000000eb580000,0x00000000eb580000,0x00000000eba00000)
 ParOldGen       total 408576K, used 359405K [0x00000000c0000000, 0x00000000d8f00000, 0x00000000eab00000)
  object space 408576K, 87% used [0x00000000c0000000,0x00000000d5efb780,0x00000000d8f00000)
 Metaspace       used 66659K, committed 67456K, reserved 1114112K
  class space    used 6957K, committed 7296K, reserved 1048576K
}
Event: 13751.463 GC heap before
{Heap before GC invocations=212 (full 12):
 PSYoungGen      total 14848K, used 14808K [0x00000000eab00000, 0x00000000ebe80000, 0x0000000100000000)
  eden space 10752K, 100% used [0x00000000eab00000,0x00000000eb580000,0x00000000eb580000)
  from space 4096K, 99% used [0x00000000eba80000,0x00000000ebe76008,0x00000000ebe80000)
  to   space 4608K, 0% used [0x00000000eb580000,0x00000000eb580000,0x00000000eba00000)
 ParOldGen       total 408576K, used 359405K [0x00000000c0000000, 0x00000000d8f00000, 0x00000000eab00000)
  object space 408576K, 87% used [0x00000000c0000000,0x00000000d5efb780,0x00000000d8f00000)
 Metaspace       used 66665K, committed 67520K, reserved 1114112K
  class space    used 6958K, committed 7296K, reserved 1048576K
}
Event: 13751.475 GC heap after
{Heap after GC invocations=212 (full 12):
 PSYoungGen      total 15360K, used 4607K [0x00000000eab00000, 0x00000000ebe80000, 0x0000000100000000)
  eden space 10752K, 0% used [0x00000000eab00000,0x00000000eab00000,0x00000000eb580000)
  from space 4608K, 99% used [0x00000000eb580000,0x00000000eb9fff08,0x00000000eba00000)
  to   space 4096K, 0% used [0x00000000eba80000,0x00000000eba80000,0x00000000ebe80000)
 ParOldGen       total 408576K, used 360487K [0x00000000c0000000, 0x00000000d8f00000, 0x00000000eab00000)
  object space 408576K, 88% used [0x00000000c0000000,0x00000000d6009f80,0x00000000d8f00000)
 Metaspace       used 66665K, committed 67520K, reserved 1114112K
  class space    used 6958K, committed 7296K, reserved 1048576K
}

