# JRE version: OpenJDK Runtime Environment Temurin-17.0.1+12 (17.0.1+12) (build 17.0.1+12)
# Java VM: OpenJDK 64-Bit Server VM Temurin-17.0.1+12 (17.0.1+12, mixed mode, tiered, compressed oops, compressed class ptrs, parallel gc, windows-amd64)
GC Precious Log:
 CPUs: 4 total, 4 available
 Memory: 8117M
 Large Page Support: Disabled
 NUMA Support: Disabled
 Compressed Oops: Enabled (32-bit)
 Alignments: Space 512K, Generation 512K, Heap 2M
 Heap Min Capacity: 100M
 Heap Initial Capacity: 100M
 Heap Max Capacity: 1G
 Pre-touch: Disabled
 Parallel Workers: 4
Heap:
 PSYoungGen      total 30208K, used 23552K [0x00000000eab00000, 0x00000000ed000000, 0x0000000100000000)
  eden space 23552K, 100% used [0x00000000eab00000,0x00000000ec200000,0x00000000ec200000)
  from space 6656K, 0% used [0x00000000ec400000,0x00000000ec400000,0x00000000eca80000)
  to   space 5632K, 0% used [0x00000000eca80000,0x00000000eca80000,0x00000000ed000000)
 ParOldGen       total 68608K, used 21701K [0x00000000c0000000, 0x00000000c4300000, 0x00000000eab00000)
  object space 68608K, 31% used [0x00000000c0000000,0x00000000c1531550,0x00000000c4300000)
 Metaspace       used 39047K, committed 39616K, reserved 1089536K
  class space    used 3970K, committed 4224K, reserved 1048576K
GC Heap History (20 events):
Event: 3.608 GC heap before
{Heap before GC invocations=2 (full 0):
 PSYoungGen      total 29696K, used 20926K [0x00000000eab00000, 0x00000000ecc00000, 0x0000000100000000)
  eden space 25600K, 66% used [0x00000000eab00000,0x00000000ebba1b48,0x00000000ec400000)
  from space 4096K, 95% used [0x00000000ec400000,0x00000000ec7cde18,0x00000000ec800000)
  to   space 4096K, 0% used [0x00000000ec800000,0x00000000ec800000,0x00000000ecc00000)
 ParOldGen       total 68608K, used 16K [0x00000000c0000000, 0x00000000c4300000, 0x00000000eab00000)
  object space 68608K, 0% used [0x00000000c0000000,0x00000000c0004000,0x00000000c4300000)
 Metaspace       used 21120K, committed 21504K, reserved 1073152K
  class space    used 2155K, committed 2368K, reserved 1048576K
}
Event: 3.621 GC heap after
{Heap after GC invocations=2 (full 0):
 PSYoungGen      total 29696K, used 4090K [0x00000000eab00000, 0x00000000ecc00000, 0x0000000100000000)
  eden space 25600K, 0% used [0x00000000eab00000,0x00000000eab00000,0x00000000ec400000)
  from space 4096K, 99% used [0x00000000ec800000,0x00000000ecbfead8,0x00000000ecc00000)
  to   space 4096K, 0% used [0x00000000ec400000,0x00000000ec400000,0x00000000ec800000)
 ParOldGen       total 68608K, used 2153K [0x00000000c0000000, 0x00000000c4300000, 0x00000000eab00000)
  object space 68608K, 3% used [0x00000000c0000000,0x00000000c021a5c0,0x00000000c4300000)
 Metaspace       used 21120K, committed 21504K, reserved 1073152K
  class space    used 2155K, committed 2368K, reserved 1048576K
}
Event: 3.621 GC heap before
{Heap before GC invocations=3 (full 1):
 PSYoungGen      total 29696K, used 4090K [0x00000000eab00000, 0x00000000ecc00000, 0x0000000100000000)
  eden space 25600K, 0% used [0x00000000eab00000,0x00000000eab00000,0x00000000ec400000)
  from space 4096K, 99% used [0x00000000ec800000,0x00000000ecbfead8,0x00000000ecc00000)
  to   space 4096K, 0% used [0x00000000ec400000,0x00000000ec400000,0x00000000ec800000)
 ParOldGen       total 68608K, used 2153K [0x00000000c0000000, 0x00000000c4300000, 0x00000000eab00000)
  object space 68608K, 3% used [0x00000000c0000000,0x00000000c021a5c0,0x00000000c4300000)
 Metaspace       used 21120K, committed 21504K, reserved 1073152K
  class space    used 2155K, committed 2368K, reserved 1048576K
}
Event: 3.663 GC heap after
{Heap after GC invocations=3 (full 1):
 PSYoungGen      total 29696K, used 0K [0x00000000eab00000, 0x00000000ecc00000, 0x0000000100000000)
  eden space 25600K, 0% used [0x00000000eab00000,0x00000000eab00000,0x00000000ec400000)
  from space 4096K, 0% used [0x00000000ec800000,0x00000000ec800000,0x00000000ecc00000)
  to   space 4096K, 0% used [0x00000000ec400000,0x00000000ec400000,0x00000000ec800000)
 ParOldGen       total 68608K, used 6191K [0x00000000c0000000, 0x00000000c4300000, 0x00000000eab00000)
  object space 68608K, 9% used [0x00000000c0000000,0x00000000c060bd80,0x00000000c4300000)
 Metaspace       used 21120K, committed 21504K, reserved 1073152K
  class space    used 2155K, committed 2368K, reserved 1048576K
}
Event: 5.625 GC heap before
{Heap before GC invocations=4 (full 1):
 PSYoungGen      total 29696K, used 25600K [0x00000000eab00000, 0x00000000ecc00000, 0x0000000100000000)
  eden space 25600K, 100% used [0x00000000eab00000,0x00000000ec400000,0x00000000ec400000)
  from space 4096K, 0% used [0x00000000ec800000,0x00000000ec800000,0x00000000ecc00000)
  to   space 4096K, 0% used [0x00000000ec400000,0x00000000ec400000,0x00000000ec800000)
 ParOldGen       total 68608K, used 6191K [0x00000000c0000000, 0x00000000c4300000, 0x00000000eab00000)
  object space 68608K, 9% used [0x00000000c0000000,0x00000000c060bd80,0x00000000c4300000)
 Metaspace       used 28555K, committed 29056K, reserved 1081344K
  class space    used 2868K, committed 3072K, reserved 1048576K
}
Event: 5.628 GC heap after
{Heap after GC invocations=4 (full 1):
 PSYoungGen      total 29696K, used 1687K [0x00000000eab00000, 0x00000000ecc00000, 0x0000000100000000)
  eden space 25600K, 0% used [0x00000000eab00000,0x00000000eab00000,0x00000000ec400000)
  from space 4096K, 41% used [0x00000000ec400000,0x00000000ec5a5fb8,0x00000000ec800000)
  to   space 4096K, 0% used [0x00000000ec800000,0x00000000ec800000,0x00000000ecc00000)
 ParOldGen       total 68608K, used 6199K [0x00000000c0000000, 0x00000000c4300000, 0x00000000eab00000)
  object space 68608K, 9% used [0x00000000c0000000,0x00000000c060dd80,0x00000000c4300000)
 Metaspace       used 28555K, committed 29056K, reserved 1081344K
  class space    used 2868K, committed 3072K, reserved 1048576K
}
Event: 6.682 GC heap before
{Heap before GC invocations=5 (full 1):
 PSYoungGen      total 29696K, used 27287K [0x00000000eab00000, 0x00000000ecc00000, 0x0000000100000000)
  eden space 25600K, 100% used [0x00000000eab00000,0x00000000ec400000,0x00000000ec400000)
  from space 4096K, 41% used [0x00000000ec400000,0x00000000ec5a5fb8,0x00000000ec800000)
  to   space 4096K, 0% used [0x00000000ec800000,0x00000000ec800000,0x00000000ecc00000)
 ParOldGen       total 68608K, used 6199K [0x00000000c0000000, 0x00000000c4300000, 0x00000000eab00000)
  object space 68608K, 9% used [0x00000000c0000000,0x00000000c060dd80,0x00000000c4300000)
 Metaspace       used 32407K, committed 33024K, reserved 1081344K
  class space    used 3293K, committed 3584K, reserved 1048576K
}
Event: 6.692 GC heap after
{Heap after GC invocations=5 (full 1):
 PSYoungGen      total 29696K, used 4079K [0x00000000eab00000, 0x00000000ecc00000, 0x0000000100000000)
  eden space 25600K, 0% used [0x00000000eab00000,0x00000000eab00000,0x00000000ec400000)
  from space 4096K, 99% used [0x00000000ec800000,0x00000000ecbfbff0,0x00000000ecc00000)
  to   space 4096K, 0% used [0x00000000ec400000,0x00000000ec400000,0x00000000ec800000)
 ParOldGen       total 68608K, used 6303K [0x00000000c0000000, 0x00000000c4300000, 0x00000000eab00000)
  object space 68608K, 9% used [0x00000000c0000000,0x00000000c0627d80,0x00000000c4300000)
 Metaspace       used 32407K, committed 33024K, reserved 1081344K
  class space    used 3293K, committed 3584K, reserved 1048576K
}
Event: 7.107 GC heap before
{Heap before GC invocations=6 (full 1):
 PSYoungGen      total 29696K, used 29679K [0x00000000eab00000, 0x00000000ecc00000, 0x0000000100000000)
  eden space 25600K, 100% used [0x00000000eab00000,0x00000000ec400000,0x00000000ec400000)
  from space 4096K, 99% used [0x00000000ec800000,0x00000000ecbfbff0,0x00000000ecc00000)
  to   space 4096K, 0% used [0x00000000ec400000,0x00000000ec400000,0x00000000ec800000)
 ParOldGen       total 68608K, used 6303K [0x00000000c0000000, 0x00000000c4300000, 0x00000000eab00000)
  object space 68608K, 9% used [0x00000000c0000000,0x00000000c0627d80,0x00000000c4300000)
 Metaspace       used 32585K, committed 33216K, reserved 1081344K
  class space    used 3311K, committed 3584K, reserved 1048576K
}
Event: 7.119 GC heap after
{Heap after GC invocations=6 (full 1):
 PSYoungGen      total 29184K, used 4090K [0x00000000eab00000, 0x00000000ed180000, 0x0000000100000000)
  eden space 25088K, 0% used [0x00000000eab00000,0x00000000eab00000,0x00000000ec380000)
  from space 4096K, 99% used [0x00000000ec400000,0x00000000ec7fea38,0x00000000ec800000)
  to   space 7168K, 0% used [0x00000000eca80000,0x00000000eca80000,0x00000000ed180000)
 ParOldGen       total 68608K, used 8552K [0x00000000c0000000, 0x00000000c4300000, 0x00000000eab00000)
  object space 68608K, 12% used [0x00000000c0000000,0x00000000c085a160,0x00000000c4300000)
 Metaspace       used 32585K, committed 33216K, reserved 1081344K
  class space    used 3311K, committed 3584K, reserved 1048576K
}
Event: 7.309 GC heap before
{Heap before GC invocations=7 (full 1):
 PSYoungGen      total 29184K, used 29178K [0x00000000eab00000, 0x00000000ed180000, 0x0000000100000000)
  eden space 25088K, 100% used [0x00000000eab00000,0x00000000ec380000,0x00000000ec380000)
  from space 4096K, 99% used [0x00000000ec400000,0x00000000ec7fea38,0x00000000ec800000)
  to   space 7168K, 0% used [0x00000000eca80000,0x00000000eca80000,0x00000000ed180000)
 ParOldGen       total 68608K, used 8552K [0x00000000c0000000, 0x00000000c4300000, 0x00000000eab00000)
  object space 68608K, 12% used [0x00000000c0000000,0x00000000c085a160,0x00000000c4300000)
 Metaspace       used 32642K, committed 33216K, reserved 1081344K
  class space    used 3324K, committed 3584K, reserved 1048576K
}
Event: 7.326 GC heap after
{Heap after GC invocations=7 (full 1):
 PSYoungGen      total 31744K, used 7031K [0x00000000eab00000, 0x00000000ed200000, 0x0000000100000000)
  eden space 24576K, 0% used [0x00000000eab00000,0x00000000eab00000,0x00000000ec300000)
  from space 7168K, 98% used [0x00000000eca80000,0x00000000ed15ddc0,0x00000000ed180000)
  to   space 7680K, 0% used [0x00000000ec300000,0x00000000ec300000,0x00000000eca80000)
 ParOldGen       total 68608K, used 8560K [0x00000000c0000000, 0x00000000c4300000, 0x00000000eab00000)
  object space 68608K, 12% used [0x00000000c0000000,0x00000000c085c160,0x00000000c4300000)
 Metaspace       used 32642K, committed 33216K, reserved 1081344K
  class space    used 3324K, committed 3584K, reserved 1048576K
}
Event: 7.435 GC heap before
{Heap before GC invocations=8 (full 1):
 PSYoungGen      total 31744K, used 31607K [0x00000000eab00000, 0x00000000ed200000, 0x0000000100000000)
  eden space 24576K, 100% used [0x00000000eab00000,0x00000000ec300000,0x00000000ec300000)
  from space 7168K, 98% used [0x00000000eca80000,0x00000000ed15ddc0,0x00000000ed180000)
  to   space 7680K, 0% used [0x00000000ec300000,0x00000000ec300000,0x00000000eca80000)
 ParOldGen       total 68608K, used 8560K [0x00000000c0000000, 0x00000000c4300000, 0x00000000eab00000)
  object space 68608K, 12% used [0x00000000c0000000,0x00000000c085c160,0x00000000c4300000)
 Metaspace       used 32642K, committed 33216K, reserved 1081344K
  class space    used 3324K, committed 3584K, reserved 1048576K
}
Event: 7.455 GC heap after
{Heap after GC invocations=8 (full 1):
 PSYoungGen      total 31744K, used 7671K [0x00000000eab00000, 0x00000000ed680000, 0x0000000100000000)
  eden space 24064K, 0% used [0x00000000eab00000,0x00000000eab00000,0x00000000ec280000)
  from space 7680K, 99% used [0x00000000ec300000,0x00000000eca7ddd0,0x00000000eca80000)
  to   space 10240K, 0% used [0x00000000ecc80000,0x00000000ecc80000,0x00000000ed680000)
 ParOldGen       total 68608K, used 10344K [0x00000000c0000000, 0x00000000c4300000, 0x00000000eab00000)
  object space 68608K, 15% used [0x00000000c0000000,0x00000000c0a1a170,0x00000000c4300000)
 Metaspace       used 32642K, committed 33216K, reserved 1081344K
  class space    used 3324K, committed 3584K, reserved 1048576K
}
Event: 7.709 GC heap before
{Heap before GC invocations=9 (full 1):
 PSYoungGen      total 31744K, used 31735K [0x00000000eab00000, 0x00000000ed680000, 0x0000000100000000)
  eden space 24064K, 100% used [0x00000000eab00000,0x00000000ec280000,0x00000000ec280000)
  from space 7680K, 99% used [0x00000000ec300000,0x00000000eca7ddd0,0x00000000eca80000)
  to   space 10240K, 0% used [0x00000000ecc80000,0x00000000ecc80000,0x00000000ed680000)
 ParOldGen       total 68608K, used 10344K [0x00000000c0000000, 0x00000000c4300000, 0x00000000eab00000)
  object space 68608K, 15% used [0x00000000c0000000,0x00000000c0a1a170,0x00000000c4300000)
 Metaspace       used 32709K, committed 33280K, reserved 1081344K
  class space    used 3328K, committed 3584K, reserved 1048576K
}
Event: 7.729 GC heap after
{Heap after GC invocations=9 (full 1):
 PSYoungGen      total 32256K, used 8256K [0x00000000eab00000, 0x00000000ed500000, 0x0000000100000000)
  eden space 23552K, 0% used [0x00000000eab00000,0x00000000eab00000,0x00000000ec200000)
  from space 8704K, 94% used [0x00000000ecc80000,0x00000000ed490010,0x00000000ed500000)
  to   space 8704K, 0% used [0x00000000ec400000,0x00000000ec400000,0x00000000ecc80000)
 ParOldGen       total 68608K, used 12787K [0x00000000c0000000, 0x00000000c4300000, 0x00000000eab00000)
  object space 68608K, 18% used [0x00000000c0000000,0x00000000c0c7cf38,0x00000000c4300000)
 Metaspace       used 32709K, committed 33280K, reserved 1081344K
  class space    used 3328K, committed 3584K, reserved 1048576K
}
Event: 8.259 GC heap before
{Heap before GC invocations=10 (full 1):
 PSYoungGen      total 32256K, used 16204K [0x00000000eab00000, 0x00000000ed500000, 0x0000000100000000)
  eden space 23552K, 33% used [0x00000000eab00000,0x00000000eb2c3398,0x00000000ec200000)
  from space 8704K, 94% used [0x00000000ecc80000,0x00000000ed490010,0x00000000ed500000)
  to   space 8704K, 0% used [0x00000000ec400000,0x00000000ec400000,0x00000000ecc80000)
 ParOldGen       total 68608K, used 12787K [0x00000000c0000000, 0x00000000c4300000, 0x00000000eab00000)
  object space 68608K, 18% used [0x00000000c0000000,0x00000000c0c7cf38,0x00000000c4300000)
 Metaspace       used 35275K, committed 35840K, reserved 1089536K
  class space    used 3614K, committed 3904K, reserved 1048576K
}
Event: 8.272 GC heap after
{Heap after GC invocations=10 (full 1):
 PSYoungGen      total 30208K, used 6339K [0x00000000eab00000, 0x00000000ed000000, 0x0000000100000000)
  eden space 23552K, 0% used [0x00000000eab00000,0x00000000eab00000,0x00000000ec200000)
  from space 6656K, 95% used [0x00000000ec400000,0x00000000eca30ee8,0x00000000eca80000)
  to   space 5632K, 0% used [0x00000000eca80000,0x00000000eca80000,0x00000000ed000000)
 ParOldGen       total 68608K, used 15711K [0x00000000c0000000, 0x00000000c4300000, 0x00000000eab00000)
  object space 68608K, 22% used [0x00000000c0000000,0x00000000c0f57d48,0x00000000c4300000)
 Metaspace       used 35275K, committed 35840K, reserved 1089536K
  class space    used 3614K, committed 3904K, reserved 1048576K
}
Event: 8.272 GC heap before
{Heap before GC invocations=11 (full 2):
 PSYoungGen      total 30208K, used 6339K [0x00000000eab00000, 0x00000000ed000000, 0x0000000100000000)
  eden space 23552K, 0% used [0x00000000eab00000,0x00000000eab00000,0x00000000ec200000)
  from space 6656K, 95% used [0x00000000ec400000,0x00000000eca30ee8,0x00000000eca80000)
  to   space 5632K, 0% used [0x00000000eca80000,0x00000000eca80000,0x00000000ed000000)
 ParOldGen       total 68608K, used 15711K [0x00000000c0000000, 0x00000000c4300000, 0x00000000eab00000)
  object space 68608K, 22% used [0x00000000c0000000,0x00000000c0f57d48,0x00000000c4300000)
 Metaspace       used 35275K, committed 35840K, reserved 1089536K
  class space    used 3614K, committed 3904K, reserved 1048576K
}
Event: 8.368 GC heap after
{Heap after GC invocations=11 (full 2):
 PSYoungGen      total 30208K, used 0K [0x00000000eab00000, 0x00000000ed000000, 0x0000000100000000)
  eden space 23552K, 0% used [0x00000000eab00000,0x00000000eab00000,0x00000000ec200000)
  from space 6656K, 0% used [0x00000000ec400000,0x00000000ec400000,0x00000000eca80000)
  to   space 5632K, 0% used [0x00000000eca80000,0x00000000eca80000,0x00000000ed000000)
 ParOldGen       total 68608K, used 21701K [0x00000000c0000000, 0x00000000c4300000, 0x00000000eab00000)
  object space 68608K, 31% used [0x00000000c0000000,0x00000000c1531550,0x00000000c4300000)
 Metaspace       used 35275K, committed 35840K, reserved 1089536K
  class space    used 3614K, committed 3904K, reserved 1048576K
}

